[   26456ms] [ERROR] Failed to load resource: the server responded with a status of 500 (Internal Server Error) @ http://localhost:3000/api/gifts/buy:0
[   57306ms] [ERROR] Failed to load resource: the server responded with a status of 500 (Internal Server Error) @ http://localhost:3000/api/gifts/buy:0
[  107012ms] [ERROR] Failed to load resource: the server responded with a status of 400 (Bad Request) @ http://localhost:3000/api/gifts/buy:0
[  153338ms] [ERROR] Failed to load resource: the server responded with a status of 400 (Bad Request) @ http://localhost:3000/api/gifts/buy:0
[  226566ms] [ERROR] Failed to load resource: the server responded with a status of 400 (Bad Request) @ http://localhost:3000/api/gifts/buy:0
[  257158ms] [ERROR] Failed to load resource: the server responded with a status of 400 (Bad Request) @ http://localhost:3000/api/gifts/buy:0
[  335203ms] [ERROR] Failed to load resource: the server responded with a status of 400 (Bad Request) @ http://localhost:3000/api/gifts/buy:0
[  381591ms] [WARNING] Detected `scroll-behavior: smooth` on the `<html>` element. To disable smooth scrolling during route transitions, add `data-scroll-behavior="smooth"` to your <html> element. Learn more: https://nextjs.org/docs/messages/missing-data-scroll-behavior @ http://localhost:3000/_next/static/chunks/166bf_next_dist_018d8d6d._.js:2297
[  383621ms] Error: Objects are not valid as a React child (found: object with keys {message, date}). If you meant to render a collection of children, use an array instead.
    at throwOnInvalidObjectTypeImpl (http://localhost:3000/_next/static/chunks/166bf_next_dist_compiled_react-dom_1b61f46f._.js:3951:15)
    at throwOnInvalidObjectType (http://localhost:3000/_next/static/chunks/166bf_next_dist_compiled_react-dom_1b61f46f._.js:3955:110)
    at reconcileChildFibersImpl (http://localhost:3000/_next/static/chunks/166bf_next_dist_compiled_react-dom_1b61f46f._.js:4280:17)
    at http://localhost:3000/_next/static/chunks/166bf_next_dist_compiled_react-dom_1b61f46f._.js:4292:39
    at reconcileChildren (http://localhost:3000/_next/static/chunks/166bf_next_dist_compiled_react-dom_1b61f46f._.js:5929:51)
    at beginWork (http://localhost:3000/_next/static/chunks/166bf_next_dist_compiled_react-dom_1b61f46f._.js:6775:1573)
    at runWithFiberInDEV (http://localhost:3000/_next/static/chunks/166bf_next_dist_compiled_react-dom_1b61f46f._.js:965:74)
    at performUnitOfWork (http://localhost:3000/_next/static/chunks/166bf_next_dist_compiled_react-dom_1b61f46f._.js:9562:97)
    at workLoopSync (http://localhost:3000/_next/static/chunks/166bf_next_dist_compiled_react-dom_1b61f46f._.js:9456:40)
    at renderRootSync (http://localhost:3000/_next/static/chunks/166bf_next_dist_compiled_react-dom_1b61f46f._.js:9440:13)
    at performWorkOnRoot (http://localhost:3000/_next/static/chunks/166bf_next_dist_compiled_react-dom_1b61f46f._.js:9105:47)
    at performSyncWorkOnRoot (http://localhost:3000/_next/static/chunks/166bf_next_dist_compiled_react-dom_1b61f46f._.js:10238:9)
    at flushSyncWorkAcrossRoots_impl (http://localhost:3000/_next/static/chunks/166bf_next_dist_compiled_react-dom_1b61f46f._.js:10154:316)
    at processRootScheduleInMicrotask (http://localhost:3000/_next/static/chunks/166bf_next_dist_compiled_react-dom_1b61f46f._.js:10175:106)
    at http://localhost:3000/_next/static/chunks/166bf_next_dist_compiled_react-dom_1b61f46f._.js:10249:158
